TN:
SF:script/DeployMarketplace.s.sol
DA:10,20
FN:10,DeployMarketplace.run
FNDA:20,DeployMarketplace.run
DA:11,20
DA:12,20
DA:13,20
DA:14,20
FNF:1
FNH:1
LF:5
LH:5
BRF:0
BRH:0
end_of_record
TN:
SF:script/DeployMockNft.s.sol
DA:10,25
FN:10,DeployMockNft.run
FNDA:25,DeployMockNft.run
DA:11,25
DA:12,25
DA:13,25
DA:14,25
FNF:1
FNH:1
LF:5
LH:5
BRF:0
BRH:0
end_of_record
TN:
SF:src/MockNft.sol
DA:11,27
FN:11,MockNft.mintNft
FNDA:27,MockNft.mintNft
DA:12,27
DA:13,27
DA:14,27
DA:17,0
FN:17,MockNft.getTokenCounter
FNDA:0,MockNft.getTokenCounter
DA:18,0
FNF:2
FNH:1
LF:6
LH:4
BRF:0
BRH:0
end_of_record
TN:
SF:src/NftMarketplace.sol
DA:30,19
FN:30,NftMarketplace.listItem
FNDA:19,NftMarketplace.listItem
DA:31,19
DA:33,19
BRDA:33,0,0,1
DA:34,1
DA:37,18
BRDA:37,1,0,1
DA:38,1
DA:41,17
DA:43,17
BRDA:43,2,0,1
DA:44,1
DA:47,16
DA:48,16
DA:50,16
BRDA:50,3,0,1
DA:51,1
DA:54,15
DA:59,15
DA:62,13
FN:62,NftMarketplace.buyItem
FNDA:13,NftMarketplace.buyItem
DA:63,13
DA:64,13
BRDA:64,4,0,1
DA:65,1
DA:67,12
BRDA:67,5,0,2
DA:68,2
DA:70,10
DA:72,10
DA:74,10
DA:78,7
FN:78,NftMarketplace.withdrawProceeds
FNDA:7,NftMarketplace.withdrawProceeds
DA:79,7
BRDA:79,6,0,2
DA:80,2
DA:83,5
DA:84,5
DA:86,5
DA:88,5
BRDA:88,7,0,0
DA:89,0
DA:92,5
DA:95,3
FN:95,NftMarketplace.getListing
FNDA:3,NftMarketplace.getListing
DA:96,3
DA:99,8
FN:99,NftMarketplace.getProceeds
FNDA:8,NftMarketplace.getProceeds
DA:100,8
FNF:5
FNH:5
LF:37
LH:36
BRF:8
BRH:7
end_of_record
